<?xml version="1.0" encoding="UTF-8"?>
<!-- Generated by org.testng.reporters.JUnitReportReporter -->
<testsuite skipped="0" hostname="vrishinsrihana" name="testcases.BookTest" tests="1" failures="0" timestamp="21 Mar 2018 12:16:15 GMT" time="90.161" errors="0">
  <testcase name="initilisation" time="90.161" classname="testcases.BookTest"/>
</testsuite> <!-- testcases.BookTest -->
