<?xml version="1.0" encoding="UTF-8"?>
<!-- Generated by org.testng.reporters.JUnitReportReporter -->
<testsuite skipped="0" hostname="vrishinsrihana" name="testcases.BookTest" tests="1" failures="0" timestamp="17 Mar 2018 21:34:30 GMT" time="64.311" errors="0">
  <testcase name="initialise" time="64.311" classname="testcases.BookTest"/>
</testsuite> <!-- testcases.BookTest -->
